Analysis & Synthesis report for exp5
Wed Apr 17 04:32:41 2019
Quartus Prime Version 15.1.0 Build 185 10/21/2015 SJ Lite Edition


---------------------
; Table of Contents ;
---------------------
  1. Legal Notice
  2. Analysis & Synthesis Summary
  3. Analysis & Synthesis Settings
  4. Parallel Compilation
  5. Analysis & Synthesis Source Files Read
  6. Analysis & Synthesis Resource Usage Summary
  7. Analysis & Synthesis Resource Utilization by Entity
  8. State Machine - |top|LCD_Display:dis|next_command
  9. State Machine - |top|LCD_Display:dis|state
 10. Registers Removed During Synthesis
 11. General Register Statistics
 12. Multiplexer Restructuring Statistics (Restructuring Performed)
 13. Parameter Settings for User Entity Instance: LCD_Display:dis
 14. Post-Synthesis Netlist Statistics for Top Partition
 15. Elapsed Time Per Partition
 16. Analysis & Synthesis Messages
 17. Analysis & Synthesis Suppressed Messages



----------------
; Legal Notice ;
----------------
Copyright (C) 1991-2015 Altera Corporation. All rights reserved.
Your use of Altera Corporation's design tools, logic functions 
and other software and tools, and its AMPP partner logic 
functions, and any output files from any of the foregoing 
(including device programming or simulation files), and any 
associated documentation or information are expressly subject 
to the terms and conditions of the Altera Program License 
Subscription Agreement, the Altera Quartus Prime License Agreement,
the Altera MegaCore Function License Agreement, or other 
applicable license agreement, including, without limitation, 
that your use is for the sole purpose of programming logic 
devices manufactured by Altera and sold by Altera or its 
authorized distributors.  Please refer to the applicable 
agreement for further details.



+-------------------------------------------------------------------------------+
; Analysis & Synthesis Summary                                                  ;
+---------------------------------+---------------------------------------------+
; Analysis & Synthesis Status     ; Successful - Wed Apr 17 04:32:41 2019       ;
; Quartus Prime Version           ; 15.1.0 Build 185 10/21/2015 SJ Lite Edition ;
; Revision Name                   ; exp5                                        ;
; Top-level Entity Name           ; top                                         ;
; Family                          ; Cyclone V                                   ;
; Logic utilization (in ALMs)     ; N/A                                         ;
; Total registers                 ; 84                                          ;
; Total pins                      ; 17                                          ;
; Total virtual pins              ; 0                                           ;
; Total block memory bits         ; 0                                           ;
; Total DSP Blocks                ; 0                                           ;
; Total HSSI RX PCSs              ; 0                                           ;
; Total HSSI PMA RX Deserializers ; 0                                           ;
; Total HSSI TX PCSs              ; 0                                           ;
; Total HSSI PMA TX Serializers   ; 0                                           ;
; Total PLLs                      ; 0                                           ;
; Total DLLs                      ; 0                                           ;
+---------------------------------+---------------------------------------------+


+---------------------------------------------------------------------------------------------------------------------------+
; Analysis & Synthesis Settings                                                                                             ;
+---------------------------------------------------------------------------------+--------------------+--------------------+
; Option                                                                          ; Setting            ; Default Value      ;
+---------------------------------------------------------------------------------+--------------------+--------------------+
; Device                                                                          ; 5CGXFC7C7F23C8     ;                    ;
; Top-level entity name                                                           ; top                ; exp5               ;
; Family name                                                                     ; Cyclone V          ; Cyclone V          ;
; Use smart compilation                                                           ; Off                ; Off                ;
; Enable parallel Assembler and TimeQuest Timing Analyzer during compilation      ; On                 ; On                 ;
; Enable compact report table                                                     ; Off                ; Off                ;
; Restructure Multiplexers                                                        ; Auto               ; Auto               ;
; MLAB Add Timing Constraints For Mixed-Port Feed-Through Mode Setting Don't Care ; Off                ; Off                ;
; Create Debugging Nodes for IP Cores                                             ; Off                ; Off                ;
; Preserve fewer node names                                                       ; On                 ; On                 ;
; Disable OpenCore Plus hardware evaluation                                       ; Off                ; Off                ;
; Verilog Version                                                                 ; Verilog_2001       ; Verilog_2001       ;
; VHDL Version                                                                    ; VHDL_1993          ; VHDL_1993          ;
; State Machine Processing                                                        ; Auto               ; Auto               ;
; Safe State Machine                                                              ; Off                ; Off                ;
; Extract Verilog State Machines                                                  ; On                 ; On                 ;
; Extract VHDL State Machines                                                     ; On                 ; On                 ;
; Ignore Verilog initial constructs                                               ; Off                ; Off                ;
; Iteration limit for constant Verilog loops                                      ; 5000               ; 5000               ;
; Iteration limit for non-constant Verilog loops                                  ; 250                ; 250                ;
; Add Pass-Through Logic to Inferred RAMs                                         ; On                 ; On                 ;
; Infer RAMs from Raw Logic                                                       ; On                 ; On                 ;
; Parallel Synthesis                                                              ; On                 ; On                 ;
; DSP Block Balancing                                                             ; Auto               ; Auto               ;
; NOT Gate Push-Back                                                              ; On                 ; On                 ;
; Power-Up Don't Care                                                             ; On                 ; On                 ;
; Remove Redundant Logic Cells                                                    ; Off                ; Off                ;
; Remove Duplicate Registers                                                      ; On                 ; On                 ;
; Ignore CARRY Buffers                                                            ; Off                ; Off                ;
; Ignore CASCADE Buffers                                                          ; Off                ; Off                ;
; Ignore GLOBAL Buffers                                                           ; Off                ; Off                ;
; Ignore ROW GLOBAL Buffers                                                       ; Off                ; Off                ;
; Ignore LCELL Buffers                                                            ; Off                ; Off                ;
; Ignore SOFT Buffers                                                             ; On                 ; On                 ;
; Limit AHDL Integers to 32 Bits                                                  ; Off                ; Off                ;
; Optimization Technique                                                          ; Balanced           ; Balanced           ;
; Carry Chain Length                                                              ; 70                 ; 70                 ;
; Auto Carry Chains                                                               ; On                 ; On                 ;
; Auto Open-Drain Pins                                                            ; On                 ; On                 ;
; Perform WYSIWYG Primitive Resynthesis                                           ; Off                ; Off                ;
; Auto ROM Replacement                                                            ; On                 ; On                 ;
; Auto RAM Replacement                                                            ; On                 ; On                 ;
; Auto DSP Block Replacement                                                      ; On                 ; On                 ;
; Auto Shift Register Replacement                                                 ; Auto               ; Auto               ;
; Allow Shift Register Merging across Hierarchies                                 ; Auto               ; Auto               ;
; Auto Clock Enable Replacement                                                   ; On                 ; On                 ;
; Strict RAM Replacement                                                          ; Off                ; Off                ;
; Allow Synchronous Control Signals                                               ; On                 ; On                 ;
; Force Use of Synchronous Clear Signals                                          ; Off                ; Off                ;
; Auto Resource Sharing                                                           ; Off                ; Off                ;
; Allow Any RAM Size For Recognition                                              ; Off                ; Off                ;
; Allow Any ROM Size For Recognition                                              ; Off                ; Off                ;
; Allow Any Shift Register Size For Recognition                                   ; Off                ; Off                ;
; Use LogicLock Constraints during Resource Balancing                             ; On                 ; On                 ;
; Ignore translate_off and synthesis_off directives                               ; Off                ; Off                ;
; Timing-Driven Synthesis                                                         ; On                 ; On                 ;
; Report Parameter Settings                                                       ; On                 ; On                 ;
; Report Source Assignments                                                       ; On                 ; On                 ;
; Report Connectivity Checks                                                      ; On                 ; On                 ;
; Ignore Maximum Fan-Out Assignments                                              ; Off                ; Off                ;
; Synchronization Register Chain Length                                           ; 3                  ; 3                  ;
; PowerPlay Power Optimization During Synthesis                                   ; Normal compilation ; Normal compilation ;
; HDL message level                                                               ; Level2             ; Level2             ;
; Suppress Register Optimization Related Messages                                 ; Off                ; Off                ;
; Number of Removed Registers Reported in Synthesis Report                        ; 5000               ; 5000               ;
; Number of Swept Nodes Reported in Synthesis Report                              ; 5000               ; 5000               ;
; Number of Inverted Registers Reported in Synthesis Report                       ; 100                ; 100                ;
; Clock MUX Protection                                                            ; On                 ; On                 ;
; Auto Gated Clock Conversion                                                     ; Off                ; Off                ;
; Block Design Naming                                                             ; Auto               ; Auto               ;
; SDC constraint protection                                                       ; Off                ; Off                ;
; Synthesis Effort                                                                ; Auto               ; Auto               ;
; Shift Register Replacement - Allow Asynchronous Clear Signal                    ; On                 ; On                 ;
; Pre-Mapping Resynthesis Optimization                                            ; Off                ; Off                ;
; Analysis & Synthesis Message Level                                              ; Medium             ; Medium             ;
; Disable Register Merging Across Hierarchies                                     ; Auto               ; Auto               ;
; Resource Aware Inference For Block RAM                                          ; On                 ; On                 ;
; Synthesis Seed                                                                  ; 1                  ; 1                  ;
; Automatic Parallel Synthesis                                                    ; On                 ; On                 ;
; Partial Reconfiguration Bitstream ID                                            ; Off                ; Off                ;
+---------------------------------------------------------------------------------+--------------------+--------------------+


Parallel compilation was disabled, but you have multiple processors available. Enable parallel compilation to reduce compilation time.
+-------------------------------------+
; Parallel Compilation                ;
+----------------------------+--------+
; Processors                 ; Number ;
+----------------------------+--------+
; Number detected on machine ; 2      ;
; Maximum allowed            ; 1      ;
+----------------------------+--------+


+------------------------------------------------------------------------------------------------------------------------------+
; Analysis & Synthesis Source Files Read                                                                                       ;
+----------------------------------+-----------------+------------------------+--------------------------------------+---------+
; File Name with User-Entered Path ; Used in Netlist ; File Type              ; File Name with Absolute Path         ; Library ;
+----------------------------------+-----------------+------------------------+--------------------------------------+---------+
; lcd_diplay.v                     ; yes             ; User Verilog HDL File  ; //Mac/Home/Desktop/Exp5/lcd_diplay.v ;         ;
; top.v                            ; yes             ; User Verilog HDL File  ; //Mac/Home/Desktop/Exp5/top.v        ;         ;
; fsm.v                            ; yes             ; User Verilog HDL File  ; //Mac/Home/Desktop/Exp5/fsm.v        ;         ;
; debounce.v                       ; yes             ; User Verilog HDL File  ; //Mac/Home/Desktop/Exp5/debounce.v   ;         ;
+----------------------------------+-----------------+------------------------+--------------------------------------+---------+


+-----------------------------------------------------------+
; Analysis & Synthesis Resource Usage Summary               ;
+---------------------------------------------+-------------+
; Resource                                    ; Usage       ;
+---------------------------------------------+-------------+
; Estimate of Logic utilization (ALMs needed) ; 57          ;
;                                             ;             ;
; Combinational ALUT usage for logic          ; 100         ;
;     -- 7 input functions                    ; 0           ;
;     -- 6 input functions                    ; 12          ;
;     -- 5 input functions                    ; 10          ;
;     -- 4 input functions                    ; 17          ;
;     -- <=3 input functions                  ; 61          ;
;                                             ;             ;
; Dedicated logic registers                   ; 84          ;
;                                             ;             ;
; I/O pins                                    ; 17          ;
;                                             ;             ;
; Total DSP Blocks                            ; 0           ;
;                                             ;             ;
; Maximum fan-out node                        ; reset~input ;
; Maximum fan-out                             ; 82          ;
; Total fan-out                               ; 644         ;
; Average fan-out                             ; 2.85        ;
+---------------------------------------------+-------------+


+------------------------------------------------------------------------------------------------------------------------------------------------------------------+
; Analysis & Synthesis Resource Utilization by Entity                                                                                                              ;
+----------------------------+-------------------+--------------+-------------------+------------+------+--------------+----------------------------+--------------+
; Compilation Hierarchy Node ; LC Combinationals ; LC Registers ; Block Memory Bits ; DSP Blocks ; Pins ; Virtual Pins ; Full Hierarchy Name        ; Library Name ;
+----------------------------+-------------------+--------------+-------------------+------------+------+--------------+----------------------------+--------------+
; |top                       ; 100 (0)           ; 84 (0)       ; 0                 ; 0          ; 17   ; 0            ; |top                       ; work         ;
;    |LCD_Display:dis|       ; 61 (61)           ; 51 (51)      ; 0                 ; 0          ; 0    ; 0            ; |top|LCD_Display:dis       ; work         ;
;    |debounce:db|           ; 36 (36)           ; 30 (28)      ; 0                 ; 0          ; 0    ; 0            ; |top|debounce:db           ; work         ;
;       |my_dff:d1|          ; 0 (0)             ; 1 (1)        ; 0                 ; 0          ; 0    ; 0            ; |top|debounce:db|my_dff:d1 ; work         ;
;       |my_dff:d2|          ; 0 (0)             ; 1 (1)        ; 0                 ; 0          ; 0    ; 0            ; |top|debounce:db|my_dff:d2 ; work         ;
;    |fsm:m|                 ; 3 (3)             ; 3 (3)        ; 0                 ; 0          ; 0    ; 0            ; |top|fsm:m                 ; work         ;
+----------------------------+-------------------+--------------+-------------------+------------+------+--------------+----------------------------+--------------+
Note: For table entries with two numbers listed, the numbers in parentheses indicate the number of resources of the given type used by the specific entity alone. The numbers listed outside of parentheses indicate the total resources of the given type used by the specific entity and all of its sub-entities in the hierarchy.


Encoding Type:  One-Hot
+----------------------------------------------------------------------------------------------------------------------------------------------------------------------------------------------------------------+
; State Machine - |top|LCD_Display:dis|next_command                                                                                                                                                              ;
+----------------------------+----------------------------+--------------------------+---------------------+---------------------------+-----------------------+-------------------------+-----------------------+
; Name                       ; next_command.DISPLAY_CLEAR ; next_command.DISPLAY_OFF ; next_command.RETURN ; next_command.PRINT_STRING ; next_command.MODE_SET ; next_command.DISPLAY_ON ; next_command.FUNC_SET ;
+----------------------------+----------------------------+--------------------------+---------------------+---------------------------+-----------------------+-------------------------+-----------------------+
; next_command.FUNC_SET      ; 0                          ; 0                        ; 0                   ; 0                         ; 0                     ; 0                       ; 0                     ;
; next_command.DISPLAY_ON    ; 0                          ; 0                        ; 0                   ; 0                         ; 0                     ; 1                       ; 1                     ;
; next_command.MODE_SET      ; 0                          ; 0                        ; 0                   ; 0                         ; 1                     ; 0                       ; 1                     ;
; next_command.PRINT_STRING  ; 0                          ; 0                        ; 0                   ; 1                         ; 0                     ; 0                       ; 1                     ;
; next_command.RETURN        ; 0                          ; 0                        ; 1                   ; 0                         ; 0                     ; 0                       ; 1                     ;
; next_command.DISPLAY_OFF   ; 0                          ; 1                        ; 0                   ; 0                         ; 0                     ; 0                       ; 1                     ;
; next_command.DISPLAY_CLEAR ; 1                          ; 0                        ; 0                   ; 0                         ; 0                     ; 0                       ; 1                     ;
+----------------------------+----------------------------+--------------------------+---------------------+---------------------------+-----------------------+-------------------------+-----------------------+


Encoding Type:  One-Hot
+------------------------------------------------------------------------------------------------------------------------------------------------------------------------------------------------------+
; State Machine - |top|LCD_Display:dis|state                                                                                                                                                           ;
+---------------------+---------------------+-------------------+------------+------------------+--------------+--------------------+----------------+------------------+----------------+-------------+
; Name                ; state.DISPLAY_CLEAR ; state.DISPLAY_OFF ; state.HOLD ; state.DROP_LCD_E ; state.RETURN ; state.PRINT_STRING ; state.MODE_SET ; state.DISPLAY_ON ; state.FUNC_SET ; state.RESET ;
+---------------------+---------------------+-------------------+------------+------------------+--------------+--------------------+----------------+------------------+----------------+-------------+
; state.RESET         ; 0                   ; 0                 ; 0          ; 0                ; 0            ; 0                  ; 0              ; 0                ; 0              ; 0           ;
; state.FUNC_SET      ; 0                   ; 0                 ; 0          ; 0                ; 0            ; 0                  ; 0              ; 0                ; 1              ; 1           ;
; state.DISPLAY_ON    ; 0                   ; 0                 ; 0          ; 0                ; 0            ; 0                  ; 0              ; 1                ; 0              ; 1           ;
; state.MODE_SET      ; 0                   ; 0                 ; 0          ; 0                ; 0            ; 0                  ; 1              ; 0                ; 0              ; 1           ;
; state.PRINT_STRING  ; 0                   ; 0                 ; 0          ; 0                ; 0            ; 1                  ; 0              ; 0                ; 0              ; 1           ;
; state.RETURN        ; 0                   ; 0                 ; 0          ; 0                ; 1            ; 0                  ; 0              ; 0                ; 0              ; 1           ;
; state.DROP_LCD_E    ; 0                   ; 0                 ; 0          ; 1                ; 0            ; 0                  ; 0              ; 0                ; 0              ; 1           ;
; state.HOLD          ; 0                   ; 0                 ; 1          ; 0                ; 0            ; 0                  ; 0              ; 0                ; 0              ; 1           ;
; state.DISPLAY_OFF   ; 0                   ; 1                 ; 0          ; 0                ; 0            ; 0                  ; 0              ; 0                ; 0              ; 1           ;
; state.DISPLAY_CLEAR ; 1                   ; 0                 ; 0          ; 0                ; 0            ; 0                  ; 0              ; 0                ; 0              ; 1           ;
+---------------------+---------------------+-------------------+------------+------------------+--------------+--------------------+----------------+------------------+----------------+-------------+


+---------------------------------------------------------------------------------+
; Registers Removed During Synthesis                                              ;
+----------------------------------------+----------------------------------------+
; Register name                          ; Reason for Removal                     ;
+----------------------------------------+----------------------------------------+
; LCD_Display:dis|LCD_RW                 ; Stuck at GND due to stuck port data_in ;
; LCD_Display:dis|next_command~2         ; Lost fanout                            ;
; LCD_Display:dis|next_command~3         ; Lost fanout                            ;
; LCD_Display:dis|next_command~4         ; Lost fanout                            ;
; LCD_Display:dis|next_command~5         ; Lost fanout                            ;
; LCD_Display:dis|state~11               ; Lost fanout                            ;
; LCD_Display:dis|state~12               ; Lost fanout                            ;
; LCD_Display:dis|state~13               ; Lost fanout                            ;
; LCD_Display:dis|state~14               ; Lost fanout                            ;
; LCD_Display:dis|index[3,4]             ; Stuck at GND due to stuck port data_in ;
; Total Number of Removed Registers = 11 ;                                        ;
+----------------------------------------+----------------------------------------+


+------------------------------------------------------+
; General Register Statistics                          ;
+----------------------------------------------+-------+
; Statistic                                    ; Value ;
+----------------------------------------------+-------+
; Total registers                              ; 84    ;
; Number of registers using Synchronous Clear  ; 47    ;
; Number of registers using Synchronous Load   ; 0     ;
; Number of registers using Asynchronous Clear ; 62    ;
; Number of registers using Asynchronous Load  ; 0     ;
; Number of registers using Clock Enable       ; 19    ;
; Number of registers using Preset             ; 0     ;
+----------------------------------------------+-------+


+------------------------------------------------------------------------------------------------------------------------------------------+
; Multiplexer Restructuring Statistics (Restructuring Performed)                                                                           ;
+--------------------+-----------+---------------+----------------------+------------------------+------------+----------------------------+
; Multiplexer Inputs ; Bus Width ; Baseline Area ; Area if Restructured ; Saving if Restructured ; Registered ; Example Multiplexer Output ;
+--------------------+-----------+---------------+----------------------+------------------------+------------+----------------------------+
; 3:1                ; 3 bits    ; 6 LEs         ; 6 LEs                ; 0 LEs                  ; Yes        ; |top|fsm:m|count[2]        ;
+--------------------+-----------+---------------+----------------------+------------------------+------------+----------------------------+


+--------------------------------------------------------------+
; Parameter Settings for User Entity Instance: LCD_Display:dis ;
+----------------+-------+-------------------------------------+
; Parameter Name ; Value ; Type                                ;
+----------------+-------+-------------------------------------+
; HOLD           ; 0000  ; Unsigned Binary                     ;
; FUNC_SET       ; 0001  ; Unsigned Binary                     ;
; DISPLAY_ON     ; 0010  ; Unsigned Binary                     ;
; MODE_SET       ; 0011  ; Unsigned Binary                     ;
; PRINT_STRING   ; 0100  ; Unsigned Binary                     ;
; RETURN         ; 0101  ; Unsigned Binary                     ;
; DROP_LCD_E     ; 0110  ; Unsigned Binary                     ;
; RESET          ; 0111  ; Unsigned Binary                     ;
; DISPLAY_OFF    ; 1000  ; Unsigned Binary                     ;
; DISPLAY_CLEAR  ; 1001  ; Unsigned Binary                     ;
+----------------+-------+-------------------------------------+
Note: In order to hide this table in the UI and the text report file, please set the "Show Parameter Settings in Synthesis Report" option in "Analysis and Synthesis Settings -> More Settings" to "Off".


+-----------------------------------------------------+
; Post-Synthesis Netlist Statistics for Top Partition ;
+-----------------------+-----------------------------+
; Type                  ; Count                       ;
+-----------------------+-----------------------------+
; arriav_ff             ; 84                          ;
;     CLR               ; 15                          ;
;     CLR SCLR          ; 47                          ;
;     ENA               ; 19                          ;
;     plain             ; 3                           ;
; arriav_io_obuf        ; 8                           ;
; arriav_lcell_comb     ; 101                         ;
;     arith             ; 47                          ;
;         1 data inputs ; 47                          ;
;     normal            ; 54                          ;
;         0 data inputs ; 1                           ;
;         2 data inputs ; 10                          ;
;         3 data inputs ; 4                           ;
;         4 data inputs ; 17                          ;
;         5 data inputs ; 10                          ;
;         6 data inputs ; 12                          ;
; boundary_port         ; 17                          ;
;                       ;                             ;
; Max LUT depth         ; 3.60                        ;
; Average LUT depth     ; 2.16                        ;
+-----------------------+-----------------------------+


+-------------------------------+
; Elapsed Time Per Partition    ;
+----------------+--------------+
; Partition Name ; Elapsed Time ;
+----------------+--------------+
; Top            ; 00:00:00     ;
+----------------+--------------+


+-------------------------------+
; Analysis & Synthesis Messages ;
+-------------------------------+
Info: *******************************************************************
Info: Running Quartus Prime Analysis & Synthesis
    Info: Version 15.1.0 Build 185 10/21/2015 SJ Lite Edition
    Info: Processing started: Wed Apr 17 04:32:24 2019
Info: Command: quartus_map --read_settings_files=on --write_settings_files=off exp5 -c exp5
Warning (20028): Parallel compilation is not licensed and has been disabled
Info (12021): Found 1 design units, including 1 entities, in source file lcd_diplay.v
    Info (12023): Found entity 1: LCD_Display File: //Mac/Home/Desktop/Exp5/lcd_diplay.v Line: 1
Info (12021): Found 1 design units, including 1 entities, in source file top.v
    Info (12023): Found entity 1: top File: //Mac/Home/Desktop/Exp5/top.v Line: 1
Info (12021): Found 1 design units, including 1 entities, in source file fsm.v
    Info (12023): Found entity 1: fsm File: //Mac/Home/Desktop/Exp5/fsm.v Line: 1
Info (12021): Found 2 design units, including 2 entities, in source file debounce.v
    Info (12023): Found entity 1: debounce File: //Mac/Home/Desktop/Exp5/debounce.v Line: 1
    Info (12023): Found entity 2: my_dff File: //Mac/Home/Desktop/Exp5/debounce.v Line: 30
Info (12127): Elaborating entity "top" for the top level hierarchy
Warning (10034): Output port "LCD_ON" at top.v(2) has no driver File: //Mac/Home/Desktop/Exp5/top.v Line: 2
Warning (10034): Output port "LCD_BLON" at top.v(3) has no driver File: //Mac/Home/Desktop/Exp5/top.v Line: 3
Info (12128): Elaborating entity "debounce" for hierarchy "debounce:db" File: //Mac/Home/Desktop/Exp5/top.v Line: 15
Info (12128): Elaborating entity "my_dff" for hierarchy "debounce:db|my_dff:d1" File: //Mac/Home/Desktop/Exp5/debounce.v Line: 23
Info (12128): Elaborating entity "fsm" for hierarchy "fsm:m" File: //Mac/Home/Desktop/Exp5/top.v Line: 22
Warning (10230): Verilog HDL assignment warning at fsm.v(18): truncated value with size 32 to match size of target (3) File: //Mac/Home/Desktop/Exp5/fsm.v Line: 18
Info (12128): Elaborating entity "LCD_Display" for hierarchy "LCD_Display:dis" File: //Mac/Home/Desktop/Exp5/top.v Line: 33
Warning (13009): TRI or OPNDRN buffers permanently enabled
    Warning (13010): Node "LCD_Display:dis|DATA_BUS[0]~synth" File: //Mac/Home/Desktop/Exp5/lcd_diplay.v Line: 5
    Warning (13010): Node "LCD_Display:dis|DATA_BUS[1]~synth" File: //Mac/Home/Desktop/Exp5/lcd_diplay.v Line: 5
    Warning (13010): Node "LCD_Display:dis|DATA_BUS[2]~synth" File: //Mac/Home/Desktop/Exp5/lcd_diplay.v Line: 5
    Warning (13010): Node "LCD_Display:dis|DATA_BUS[3]~synth" File: //Mac/Home/Desktop/Exp5/lcd_diplay.v Line: 5
    Warning (13010): Node "LCD_Display:dis|DATA_BUS[4]~synth" File: //Mac/Home/Desktop/Exp5/lcd_diplay.v Line: 5
    Warning (13010): Node "LCD_Display:dis|DATA_BUS[5]~synth" File: //Mac/Home/Desktop/Exp5/lcd_diplay.v Line: 5
    Warning (13010): Node "LCD_Display:dis|DATA_BUS[6]~synth" File: //Mac/Home/Desktop/Exp5/lcd_diplay.v Line: 5
    Warning (13010): Node "LCD_Display:dis|DATA_BUS[7]~synth" File: //Mac/Home/Desktop/Exp5/lcd_diplay.v Line: 5
Warning (13024): Output pins are stuck at VCC or GND
    Warning (13410): Pin "LCD_ON" is stuck at GND File: //Mac/Home/Desktop/Exp5/top.v Line: 2
    Warning (13410): Pin "LCD_BLON" is stuck at GND File: //Mac/Home/Desktop/Exp5/top.v Line: 3
    Warning (13410): Pin "LCD_RW" is stuck at GND File: //Mac/Home/Desktop/Exp5/top.v Line: 4
Info (286030): Timing-Driven Synthesis is running
Info (17049): 8 registers lost all their fanouts during netlist optimizations.
Info (144001): Generated suppressed messages file /Desktop/Exp5/output_files/exp5.map.smsg
Info (16010): Generating hard_block partition "hard_block:auto_generated_inst"
    Info (16011): Adding 0 node(s), including 0 DDIO, 0 PLL, 0 transceiver and 0 LCELL
Info (21057): Implemented 121 device resources after synthesis - the final resource count might be different
    Info (21058): Implemented 4 input pins
    Info (21059): Implemented 5 output pins
    Info (21060): Implemented 8 bidirectional pins
    Info (21061): Implemented 104 logic cells
Info: Quartus Prime Analysis & Synthesis was successful. 0 errors, 17 warnings
    Info: Peak virtual memory: 5003 megabytes
    Info: Processing ended: Wed Apr 17 04:32:41 2019
    Info: Elapsed time: 00:00:17
    Info: Total CPU time (on all processors): 00:00:23


+------------------------------------------+
; Analysis & Synthesis Suppressed Messages ;
+------------------------------------------+
The suppressed messages can be found in /Desktop/Exp5/output_files/exp5.map.smsg.


